[debug] [2024-02-01T19:06:09.123Z] ----------------------------------------------------------------------
[debug] [2024-02-01T19:06:09.127Z] Command:       C:\Program Files\nodejs\node.exe C:\Users\SUDDIKSHA\AppData\Roaming\npm\node_modules\firebase-tools\lib\bin\firebase.js init
[debug] [2024-02-01T19:06:09.128Z] CLI Version:   13.1.0
[debug] [2024-02-01T19:06:09.128Z] Platform:      win32
[debug] [2024-02-01T19:06:09.128Z] Node Version:  v21.6.1
[debug] [2024-02-01T19:06:09.128Z] Time:          Fri Feb 02 2024 00:36:09 GMT+0530 (India Standard Time)
[debug] [2024-02-01T19:06:09.129Z] ----------------------------------------------------------------------
[debug] 
[debug] [2024-02-01T19:06:09.238Z] > command requires scopes: ["email","openid","https://www.googleapis.com/auth/cloudplatformprojects.readonly","https://www.googleapis.com/auth/firebase","https://www.googleapis.com/auth/cloud-platform"]
[debug] [2024-02-01T19:06:09.239Z] > authorizing via signed-in user (suddiselvam11@gmail.com)
[info] 
     ######## #### ########  ######## ########     ###     ######  ########
     ##        ##  ##     ## ##       ##     ##  ##   ##  ##       ##
     ######    ##  ########  ######   ########  #########  ######  ######
     ##        ##  ##    ##  ##       ##     ## ##     ##       ## ##
     ##       #### ##     ## ######## ########  ##     ##  ######  ########

You're about to initialize a Firebase project in this directory:

  D:\react html\nexigoredesign

Before we get started, keep in mind:

  * You are initializing within an existing Firebase project directory

[info] 
=== Project Setup
[info] 
[info] First, let's associate this project directory with a Firebase project.
[info] You can create multiple project aliases by running firebase use --add, 
[info] but for now we'll just set up a default project.
[info] 
[debug] [2024-02-01T19:06:51.091Z] Using project from CLI flag: nexigo01
[debug] [2024-02-01T19:06:51.094Z] >>> [apiv2][query] GET https://firebase.googleapis.com/v1beta1/projects/nexigo01 [none]
[debug] [2024-02-01T19:06:51.917Z] <<< [apiv2][status] GET https://firebase.googleapis.com/v1beta1/projects/nexigo01 403
[debug] [2024-02-01T19:06:51.917Z] <<< [apiv2][body] GET https://firebase.googleapis.com/v1beta1/projects/nexigo01 {"error":{"code":403,"message":"The caller does not have permission","status":"PERMISSION_DENIED"}}
[debug] [2024-02-01T19:06:51.918Z] HTTP Error: 403, The caller does not have permission
[debug] [2024-02-01T19:06:52.167Z] FirebaseError: HTTP Error: 403, The caller does not have permission
    at responseToError (C:\Users\SUDDIKSHA\AppData\Roaming\npm\node_modules\firebase-tools\lib\responseToError.js:49:12)
    at RetryOperation._fn (C:\Users\SUDDIKSHA\AppData\Roaming\npm\node_modules\firebase-tools\lib\apiv2.js:292:77)
    at process.processTicksAndRejections (node:internal/process/task_queues:95:5)
[error] 
[error] Error: Failed to get Firebase project nexigo01. Please make sure the project exists and your account has permission to access it.
